<?xml version="1.0" encoding="UTF-8"?>
<!-- Generated by org.testng.reporters.JUnitXMLReporter -->
<testsuite hostname="Techs-iMac.local.tld" ignored="0" name="/Users/techglobal/IdeaProjects/testng_second_project_5/src/test/java/scripts/UnitedBaseTest.java" tests="5" failures="0" timestamp="2023-02-01T17:29:32 CST" time="66.559" errors="0">
  <testcase name="validateNavHeaders" time="0.341" classname="scripts.UnitedBaseTest"/>
  <testcase name="validateTravelMenu" time="0.511" classname="scripts.UnitedBaseTest"/>
  <testcase name="validateRadioButtons" time="2.056" classname="scripts.UnitedBaseTest"/>
  <testcase name="validateCheckboxes" time="3.644" classname="scripts.UnitedBaseTest"/>
  <testcase name="validateOneWaySearchResults" time="9.079" classname="scripts.UnitedBaseTest"/>
</testsuite> <!-- /Users/techglobal/IdeaProjects/testng_second_project_5/src/test/java/scripts/UnitedBaseTest.java -->
